0 verbose cli /usr/bin/node /usr/bin/npm
1 info using npm@10.9.2
2 info using node@v18.20.6
3 silly config load:file:/usr/lib/node_modules/npm/npmrc
4 silly config load:file:/var/www/html/.npmrc
5 silly config load:file:/usr/etc/npmrc
6 verbose title npm install
7 verbose argv "install"
8 verbose logfile logs-max:10 dir:/var/www/html/.npm/_logs/2025-02-28T12_14_36_530Z-
9 verbose logfile /var/www/html/.npm/_logs/2025-02-28T12_14_36_530Z-debug-0.log
10 silly logfile start cleaning logs, removing 1 files
11 silly logfile done cleaning log files
12 silly packumentCache heap:2197815296 maxSize:549453824 maxEntrySize:274726912
13 silly idealTree buildDeps
14 silly reify moves {}
15 silly audit bulk request {
15 silly audit   '@alloc/quick-lru': [ '5.2.0' ],
15 silly audit   '@ampproject/remapping': [ '2.3.0' ],
15 silly audit   '@babel/code-frame': [ '7.26.2' ],
15 silly audit   '@babel/compat-data': [ '7.26.8' ],
15 silly audit   '@babel/core': [ '7.26.9' ],
15 silly audit   '@babel/generator': [ '7.26.9' ],
15 silly audit   '@babel/helper-compilation-targets': [ '7.26.5' ],
15 silly audit   '@babel/helper-module-imports': [ '7.25.9' ],
15 silly audit   '@babel/helper-module-transforms': [ '7.26.0' ],
15 silly audit   '@babel/helper-plugin-utils': [ '7.26.5' ],
15 silly audit   '@babel/helper-string-parser': [ '7.25.9' ],
15 silly audit   '@babel/helper-validator-identifier': [ '7.25.9' ],
15 silly audit   '@babel/helper-validator-option': [ '7.25.9' ],
15 silly audit   '@babel/helpers': [ '7.26.9' ],
15 silly audit   '@babel/parser': [ '7.26.9' ],
15 silly audit   '@babel/plugin-transform-react-jsx-self': [ '7.25.9' ],
15 silly audit   '@babel/plugin-transform-react-jsx-source': [ '7.25.9' ],
15 silly audit   '@babel/template': [ '7.26.9' ],
15 silly audit   '@babel/traverse': [ '7.26.9' ],
15 silly audit   '@babel/types': [ '7.26.9' ],
15 silly audit   '@esbuild/aix-ppc64': [ '0.25.0' ],
15 silly audit   '@esbuild/android-arm': [ '0.25.0' ],
15 silly audit   '@esbuild/android-arm64': [ '0.25.0' ],
15 silly audit   '@esbuild/android-x64': [ '0.25.0' ],
15 silly audit   '@esbuild/darwin-arm64': [ '0.25.0' ],
15 silly audit   '@esbuild/darwin-x64': [ '0.25.0' ],
15 silly audit   '@esbuild/freebsd-arm64': [ '0.25.0' ],
15 silly audit   '@esbuild/freebsd-x64': [ '0.25.0' ],
15 silly audit   '@esbuild/linux-arm': [ '0.25.0' ],
15 silly audit   '@esbuild/linux-arm64': [ '0.25.0' ],
15 silly audit   '@esbuild/linux-ia32': [ '0.25.0' ],
15 silly audit   '@esbuild/linux-loong64': [ '0.25.0' ],
15 silly audit   '@esbuild/linux-mips64el': [ '0.25.0' ],
15 silly audit   '@esbuild/linux-ppc64': [ '0.25.0' ],
15 silly audit   '@esbuild/linux-riscv64': [ '0.25.0' ],
15 silly audit   '@esbuild/linux-s390x': [ '0.25.0' ],
15 silly audit   '@esbuild/linux-x64': [ '0.25.0' ],
15 silly audit   '@esbuild/netbsd-arm64': [ '0.25.0' ],
15 silly audit   '@esbuild/netbsd-x64': [ '0.25.0' ],
15 silly audit   '@esbuild/openbsd-arm64': [ '0.25.0' ],
15 silly audit   '@esbuild/openbsd-x64': [ '0.25.0' ],
15 silly audit   '@esbuild/sunos-x64': [ '0.25.0' ],
15 silly audit   '@esbuild/win32-arm64': [ '0.25.0' ],
15 silly audit   '@esbuild/win32-ia32': [ '0.25.0' ],
15 silly audit   '@esbuild/win32-x64': [ '0.25.0' ],
15 silly audit   '@floating-ui/core': [ '1.6.9' ],
15 silly audit   '@floating-ui/dom': [ '1.6.13' ],
15 silly audit   '@floating-ui/react': [ '0.26.28' ],
15 silly audit   '@floating-ui/react-dom': [ '2.1.2' ],
15 silly audit   '@floating-ui/utils': [ '0.2.9' ],
15 silly audit   '@headlessui/react': [ '2.2.0' ],
15 silly audit   '@inertiajs/core': [ '2.0.3' ],
15 silly audit   '@inertiajs/react': [ '2.0.3' ],
15 silly audit   '@isaacs/cliui': [ '8.0.2' ],
15 silly audit   '@jridgewell/gen-mapping': [ '0.3.8' ],
15 silly audit   '@jridgewell/resolve-uri': [ '3.1.2' ],
15 silly audit   '@jridgewell/set-array': [ '1.2.1' ],
15 silly audit   '@jridgewell/sourcemap-codec': [ '1.5.0' ],
15 silly audit   '@jridgewell/trace-mapping': [ '0.3.25' ],
15 silly audit   '@nodelib/fs.scandir': [ '2.1.5' ],
15 silly audit   '@nodelib/fs.stat': [ '2.0.5' ],
15 silly audit   '@nodelib/fs.walk': [ '1.2.8' ],
15 silly audit   '@pkgjs/parseargs': [ '0.11.0' ],
15 silly audit   '@react-aria/focus': [ '3.19.1' ],
15 silly audit   '@react-aria/interactions': [ '3.23.0' ],
15 silly audit   '@react-aria/ssr': [ '3.9.7' ],
15 silly audit   '@react-aria/utils': [ '3.27.0' ],
15 silly audit   '@react-stately/utils': [ '3.10.5' ],
15 silly audit   '@react-types/shared': [ '3.27.0' ],
15 silly audit   '@rollup/rollup-android-arm-eabi': [ '4.34.8' ],
15 silly audit   '@rollup/rollup-android-arm64': [ '4.34.8' ],
15 silly audit   '@rollup/rollup-darwin-arm64': [ '4.34.8' ],
15 silly audit   '@rollup/rollup-darwin-x64': [ '4.34.8' ],
15 silly audit   '@rollup/rollup-freebsd-arm64': [ '4.34.8' ],
15 silly audit   '@rollup/rollup-freebsd-x64': [ '4.34.8' ],
15 silly audit   '@rollup/rollup-linux-arm-gnueabihf': [ '4.34.8' ],
15 silly audit   '@rollup/rollup-linux-arm-musleabihf': [ '4.34.8' ],
15 silly audit   '@rollup/rollup-linux-arm64-gnu': [ '4.34.8' ],
15 silly audit   '@rollup/rollup-linux-arm64-musl': [ '4.34.8' ],
15 silly audit   '@rollup/rollup-linux-loongarch64-gnu': [ '4.34.8' ],
15 silly audit   '@rollup/rollup-linux-powerpc64le-gnu': [ '4.34.8' ],
15 silly audit   '@rollup/rollup-linux-riscv64-gnu': [ '4.34.8' ],
15 silly audit   '@rollup/rollup-linux-s390x-gnu': [ '4.34.8' ],
15 silly audit   '@rollup/rollup-linux-x64-gnu': [ '4.34.8' ],
15 silly audit   '@rollup/rollup-linux-x64-musl': [ '4.34.8' ],
15 silly audit   '@rollup/rollup-win32-arm64-msvc': [ '4.34.8' ],
15 silly audit   '@rollup/rollup-win32-ia32-msvc': [ '4.34.8' ],
15 silly audit   '@rollup/rollup-win32-x64-msvc': [ '4.34.8' ],
15 silly audit   '@swc/helpers': [ '0.5.15' ],
15 silly audit   '@tailwindcss/forms': [ '0.5.10' ],
15 silly audit   '@tailwindcss/node': [ '4.0.9' ],
15 silly audit   tailwindcss: [ '4.0.9', '3.4.17' ],
15 silly audit   '@tailwindcss/oxide': [ '4.0.9' ],
15 silly audit   '@tailwindcss/oxide-android-arm64': [ '4.0.9' ],
15 silly audit   '@tailwindcss/oxide-darwin-arm64': [ '4.0.9' ],
15 silly audit   '@tailwindcss/oxide-darwin-x64': [ '4.0.9' ],
15 silly audit   '@tailwindcss/oxide-freebsd-x64': [ '4.0.9' ],
15 silly audit   '@tailwindcss/oxide-linux-arm-gnueabihf': [ '4.0.9' ],
15 silly audit   '@tailwindcss/oxide-linux-arm64-gnu': [ '4.0.9' ],
15 silly audit   '@tailwindcss/oxide-linux-arm64-musl': [ '4.0.9' ],
15 silly audit   '@tailwindcss/oxide-linux-x64-gnu': [ '4.0.9' ],
15 silly audit   '@tailwindcss/oxide-linux-x64-musl': [ '4.0.9' ],
15 silly audit   '@tailwindcss/oxide-win32-arm64-msvc': [ '4.0.9' ],
15 silly audit   '@tailwindcss/oxide-win32-x64-msvc': [ '4.0.9' ],
15 silly audit   '@tailwindcss/vite': [ '4.0.9' ],
15 silly audit   '@tanstack/react-virtual': [ '3.13.2' ],
15 silly audit   '@tanstack/virtual-core': [ '3.13.2' ],
15 silly audit   '@types/babel__core': [ '7.20.5' ],
15 silly audit   '@types/babel__generator': [ '7.6.8' ],
15 silly audit   '@types/babel__template': [ '7.4.4' ],
15 silly audit   '@types/babel__traverse': [ '7.20.6' ],
15 silly audit   '@types/estree': [ '1.0.6' ],
15 silly audit   '@types/node': [ '18.19.76' ],
15 silly audit   '@types/prop-types': [ '15.7.14' ],
15 silly audit   '@types/react': [ '18.3.18' ],
15 silly audit   '@types/react-dom': [ '18.3.5' ],
15 silly audit   '@vitejs/plugin-react': [ '4.3.4' ],
15 silly audit   'ansi-regex': [ '6.1.0', '5.0.1' ],
15 silly audit   'ansi-styles': [ '4.3.0', '6.2.1' ],
15 silly audit   'any-promise': [ '1.3.0' ],
15 silly audit   anymatch: [ '3.1.3' ],
15 silly audit   arg: [ '5.0.2' ],
15 silly audit   asynckit: [ '0.4.0' ],
15 silly audit   autoprefixer: [ '10.4.20' ],
15 silly audit   axios: [ '1.8.1' ],
15 silly audit   'balanced-match': [ '1.0.2' ],
15 silly audit   'binary-extensions': [ '2.3.0' ],
15 silly audit   'brace-expansion': [ '2.0.1' ],
15 silly audit   braces: [ '3.0.3' ],
15 silly audit   browserslist: [ '4.24.4' ],
15 silly audit   'call-bind-apply-helpers': [ '1.0.2' ],
15 silly audit   'call-bound': [ '1.0.3' ],
15 silly audit   'camelcase-css': [ '2.0.1' ],
15 silly audit   'caniuse-lite': [ '1.0.30001701' ],
15 silly audit   chalk: [ '4.1.2' ],
15 silly audit   'supports-color': [ '7.2.0', '8.1.1' ],
15 silly audit   chokidar: [ '3.6.0' ],
15 silly audit   'glob-parent': [ '5.1.2', '6.0.2' ],
15 silly audit   cliui: [ '8.0.1' ],
15 silly audit   'emoji-regex': [ '8.0.0', '9.2.2' ],
15 silly audit   'string-width': [ '4.2.3', '5.1.2' ],
15 silly audit   'strip-ansi': [ '6.0.1', '7.1.0' ],
15 silly audit   'wrap-ansi': [ '7.0.0', '8.1.0' ],
15 silly audit   clsx: [ '2.1.1' ],
15 silly audit   'color-convert': [ '2.0.1' ],
15 silly audit   'color-name': [ '1.1.4' ],
15 silly audit   'combined-stream': [ '1.0.8' ],
15 silly audit   commander: [ '4.1.1' ],
15 silly audit   concurrently: [ '9.1.2' ],
15 silly audit   'convert-source-map': [ '2.0.0' ],
15 silly audit   'cross-spawn': [ '7.0.6' ],
15 silly audit   cssesc: [ '3.0.0' ],
15 silly audit   csstype: [ '3.1.3' ],
15 silly audit   debug: [ '4.4.0' ],
15 silly audit   deepmerge: [ '4.3.1' ],
15 silly audit   'delayed-stream': [ '1.0.0' ],
15 silly audit   'detect-libc': [ '1.0.3' ],
15 silly audit   didyoumean: [ '1.2.2' ],
15 silly audit   dlv: [ '1.1.3' ],
15 silly audit   'dunder-proto': [ '1.0.1' ],
15 silly audit   eastasianwidth: [ '0.2.0' ],
15 silly audit   'electron-to-chromium': [ '1.5.108' ],
15 silly audit   'enhanced-resolve': [ '5.18.1' ],
15 silly audit   'es-define-property': [ '1.0.1' ],
15 silly audit   'es-errors': [ '1.3.0' ],
15 silly audit   'es-object-atoms': [ '1.1.1' ],
15 silly audit   'es-set-tostringtag': [ '2.1.0' ],
15 silly audit   esbuild: [ '0.25.0' ],
15 silly audit   escalade: [ '3.2.0' ],
15 silly audit   'fast-glob': [ '3.3.3' ],
15 silly audit   fastq: [ '1.19.1' ],
15 silly audit   'fill-range': [ '7.1.1' ],
15 silly audit   'follow-redirects': [ '1.15.9' ],
15 silly audit   'foreground-child': [ '3.3.1' ],
15 silly audit   'form-data': [ '4.0.2' ],
15 silly audit   'fraction.js': [ '4.3.7' ],
15 silly audit   fsevents: [ '2.3.3' ],
15 silly audit   'function-bind': [ '1.1.2' ],
15 silly audit   gensync: [ '1.0.0-beta.2' ],
15 silly audit   'get-caller-file': [ '2.0.5' ],
15 silly audit   'get-intrinsic': [ '1.3.0' ],
15 silly audit   'get-proto': [ '1.0.1' ],
15 silly audit   glob: [ '10.4.5' ],
15 silly audit   globals: [ '11.12.0' ],
15 silly audit   gopd: [ '1.2.0' ],
15 silly audit   'graceful-fs': [ '4.2.11' ],
15 silly audit   'has-flag': [ '4.0.0' ],
15 silly audit   'has-symbols': [ '1.1.0' ],
15 silly audit   'has-tostringtag': [ '1.0.2' ],
15 silly audit   hasown: [ '2.0.2' ],
15 silly audit   'is-binary-path': [ '2.1.0' ],
15 silly audit   'is-core-module': [ '2.16.1' ],
15 silly audit   'is-extglob': [ '2.1.1' ],
15 silly audit   'is-fullwidth-code-point': [ '3.0.0' ],
15 silly audit   'is-glob': [ '4.0.3' ],
15 silly audit   'is-number': [ '7.0.0' ],
15 silly audit   isexe: [ '2.0.0' ],
15 silly audit   jackspeak: [ '3.4.3' ],
15 silly audit   jiti: [ '2.4.2', '1.21.7' ],
15 silly audit   'js-tokens': [ '4.0.0' ],
15 silly audit   jsesc: [ '3.1.0' ],
15 silly audit   json5: [ '2.2.3' ],
15 silly audit   'laravel-vite-plugin': [ '1.2.0' ],
15 silly audit   lightningcss: [ '1.29.1' ],
15 silly audit   'lightningcss-darwin-arm64': [ '1.29.1' ],
15 silly audit   'lightningcss-darwin-x64': [ '1.29.1' ],
15 silly audit   'lightningcss-freebsd-x64': [ '1.29.1' ],
15 silly audit   'lightningcss-linux-arm-gnueabihf': [ '1.29.1' ],
15 silly audit   'lightningcss-linux-arm64-gnu': [ '1.29.1' ],
15 silly audit   'lightningcss-linux-arm64-musl': [ '1.29.1' ],
15 silly audit   'lightningcss-linux-x64-gnu': [ '1.29.1' ],
15 silly audit   'lightningcss-linux-x64-musl': [ '1.29.1' ],
15 silly audit   'lightningcss-win32-arm64-msvc': [ '1.29.1' ],
15 silly audit   'lightningcss-win32-x64-msvc': [ '1.29.1' ],
15 silly audit   lilconfig: [ '3.1.3' ],
15 silly audit   'lines-and-columns': [ '1.2.4' ],
15 silly audit   lodash: [ '4.17.21' ],
15 silly audit   'lodash.isequal': [ '4.5.0' ],
15 silly audit   'loose-envify': [ '1.4.0' ],
15 silly audit   'lru-cache': [ '5.1.1', '10.4.3' ],
15 silly audit   'math-intrinsics': [ '1.1.0' ],
15 silly audit   merge2: [ '1.4.1' ],
15 silly audit   micromatch: [ '4.0.8' ],
15 silly audit   'mime-db': [ '1.52.0' ],
15 silly audit   'mime-types': [ '2.1.35' ],
15 silly audit   'mini-svg-data-uri': [ '1.4.4' ],
15 silly audit   minimatch: [ '9.0.5' ],
15 silly audit   minipass: [ '7.1.2' ],
15 silly audit   ms: [ '2.1.3' ],
15 silly audit   mz: [ '2.7.0' ],
15 silly audit   nanoid: [ '3.3.8' ],
15 silly audit   'node-releases': [ '2.0.19' ],
15 silly audit   'normalize-path': [ '3.0.0' ],
15 silly audit   'normalize-range': [ '0.1.2' ],
15 silly audit   'object-assign': [ '4.1.1' ],
15 silly audit   'object-hash': [ '3.0.0' ],
15 silly audit   'object-inspect': [ '1.13.4' ],
15 silly audit   'package-json-from-dist': [ '1.0.1' ],
15 silly audit   'path-key': [ '3.1.1' ],
15 silly audit   'path-parse': [ '1.0.7' ],
15 silly audit   'path-scurry': [ '1.11.1' ],
15 silly audit   picocolors: [ '1.1.1' ],
15 silly audit   picomatch: [ '2.3.1' ],
15 silly audit   pify: [ '2.3.0' ],
15 silly audit   pirates: [ '4.0.6' ],
15 silly audit   postcss: [ '8.5.3' ],
15 silly audit   'postcss-import': [ '15.1.0' ],
15 silly audit   'postcss-js': [ '4.0.1' ],
15 silly audit   'postcss-load-config': [ '4.0.2' ],
15 silly audit   'postcss-nested': [ '6.2.0' ],
15 silly audit   'postcss-selector-parser': [ '6.1.2' ],
15 silly audit   'postcss-value-parser': [ '4.2.0' ],
15 silly audit   'proxy-from-env': [ '1.1.0' ],
15 silly audit   qs: [ '6.14.0' ],
15 silly audit   'queue-microtask': [ '1.2.3' ],
15 silly audit   react: [ '18.3.1' ],
15 silly audit   'react-dom': [ '18.3.1' ],
15 silly audit   'react-refresh': [ '0.14.2' ],
15 silly audit   'read-cache': [ '1.0.0' ],
15 silly audit   readdirp: [ '3.6.0' ],
15 silly audit   'require-directory': [ '2.1.1' ],
15 silly audit   resolve: [ '1.22.10' ],
15 silly audit   reusify: [ '1.1.0' ],
15 silly audit   rollup: [ '4.34.8' ],
15 silly audit   'run-parallel': [ '1.2.0' ],
15 silly audit   rxjs: [ '7.8.2' ],
15 silly audit   scheduler: [ '0.23.2' ],
15 silly audit   semver: [ '6.3.1' ],
15 silly audit   'shebang-command': [ '2.0.0' ],
15 silly audit   'shebang-regex': [ '3.0.0' ],
15 silly audit   'shell-quote': [ '1.8.2' ],
15 silly audit   'side-channel': [ '1.1.0' ],
15 silly audit   'side-channel-list': [ '1.0.0' ],
15 silly audit   'side-channel-map': [ '1.0.1' ],
15 silly audit   'side-channel-weakmap': [ '1.0.2' ],
15 silly audit   'signal-exit': [ '4.1.0' ],
15 silly audit   'source-map-js': [ '1.2.1' ],
15 silly audit   sucrase: [ '3.35.0' ],
15 silly audit   'supports-preserve-symlinks-flag': [ '1.0.0' ],
15 silly audit   tabbable: [ '6.2.0' ],
15 silly audit   tapable: [ '2.2.1' ],
15 silly audit   thenify: [ '3.3.1' ],
15 silly audit   'thenify-all': [ '1.6.0' ],
15 silly audit   'to-regex-range': [ '5.0.1' ],
15 silly audit   'tree-kill': [ '1.2.2' ],
15 silly audit   'ts-interface-checker': [ '0.1.13' ],
15 silly audit   tslib: [ '2.8.1' ],
15 silly audit   typescript: [ '5.7.3' ],
15 silly audit   'undici-types': [ '5.26.5' ],
15 silly audit   'update-browserslist-db': [ '1.1.3' ],
15 silly audit   'util-deprecate': [ '1.0.2' ],
15 silly audit   vite: [ '6.2.0' ],
15 silly audit   'vite-plugin-full-reload': [ '1.2.0' ],
15 silly audit   which: [ '2.0.2' ],
15 silly audit   y18n: [ '5.0.8' ],
15 silly audit   yallist: [ '3.1.1' ],
15 silly audit   yaml: [ '2.7.0' ],
15 silly audit   yargs: [ '17.7.2' ],
15 silly audit   'yargs-parser': [ '21.1.1' ]
15 silly audit }
16 verbose reify failed optional dependency /var/www/html/node_modules/lightningcss-win32-arm64-msvc
17 silly reify mark deleted [ '/var/www/html/node_modules/lightningcss-win32-arm64-msvc' ]
18 verbose reify failed optional dependency /var/www/html/node_modules/lightningcss-linux-arm64-musl
19 silly reify mark deleted [ '/var/www/html/node_modules/lightningcss-linux-arm64-musl' ]
20 verbose reify failed optional dependency /var/www/html/node_modules/lightningcss-linux-arm64-gnu
21 silly reify mark deleted [ '/var/www/html/node_modules/lightningcss-linux-arm64-gnu' ]
22 verbose reify failed optional dependency /var/www/html/node_modules/lightningcss-linux-arm-gnueabihf
23 silly reify mark deleted [ '/var/www/html/node_modules/lightningcss-linux-arm-gnueabihf' ]
24 verbose reify failed optional dependency /var/www/html/node_modules/lightningcss-freebsd-x64
25 silly reify mark deleted [ '/var/www/html/node_modules/lightningcss-freebsd-x64' ]
26 verbose reify failed optional dependency /var/www/html/node_modules/lightningcss-darwin-x64
27 silly reify mark deleted [ '/var/www/html/node_modules/lightningcss-darwin-x64' ]
28 verbose reify failed optional dependency /var/www/html/node_modules/lightningcss-darwin-arm64
29 silly reify mark deleted [ '/var/www/html/node_modules/lightningcss-darwin-arm64' ]
30 verbose reify failed optional dependency /var/www/html/node_modules/fsevents
31 silly reify mark deleted [ '/var/www/html/node_modules/fsevents' ]
32 verbose reify failed optional dependency /var/www/html/node_modules/@tailwindcss/oxide-win32-arm64-msvc
33 silly reify mark deleted [ '/var/www/html/node_modules/@tailwindcss/oxide-win32-arm64-msvc' ]
34 verbose reify failed optional dependency /var/www/html/node_modules/@tailwindcss/oxide-linux-arm64-musl
35 silly reify mark deleted [ '/var/www/html/node_modules/@tailwindcss/oxide-linux-arm64-musl' ]
36 verbose reify failed optional dependency /var/www/html/node_modules/@tailwindcss/oxide-linux-arm64-gnu
37 silly reify mark deleted [ '/var/www/html/node_modules/@tailwindcss/oxide-linux-arm64-gnu' ]
38 verbose reify failed optional dependency /var/www/html/node_modules/@tailwindcss/oxide-linux-arm-gnueabihf
39 silly reify mark deleted [ '/var/www/html/node_modules/@tailwindcss/oxide-linux-arm-gnueabihf' ]
40 verbose reify failed optional dependency /var/www/html/node_modules/@tailwindcss/oxide-freebsd-x64
41 silly reify mark deleted [ '/var/www/html/node_modules/@tailwindcss/oxide-freebsd-x64' ]
42 verbose reify failed optional dependency /var/www/html/node_modules/@tailwindcss/oxide-darwin-x64
43 silly reify mark deleted [ '/var/www/html/node_modules/@tailwindcss/oxide-darwin-x64' ]
44 verbose reify failed optional dependency /var/www/html/node_modules/@tailwindcss/oxide-darwin-arm64
45 silly reify mark deleted [ '/var/www/html/node_modules/@tailwindcss/oxide-darwin-arm64' ]
46 verbose reify failed optional dependency /var/www/html/node_modules/@tailwindcss/oxide-android-arm64
47 silly reify mark deleted [ '/var/www/html/node_modules/@tailwindcss/oxide-android-arm64' ]
48 verbose reify failed optional dependency /var/www/html/node_modules/@rollup/rollup-win32-ia32-msvc
49 silly reify mark deleted [ '/var/www/html/node_modules/@rollup/rollup-win32-ia32-msvc' ]
50 verbose reify failed optional dependency /var/www/html/node_modules/@rollup/rollup-win32-arm64-msvc
51 silly reify mark deleted [ '/var/www/html/node_modules/@rollup/rollup-win32-arm64-msvc' ]
52 verbose reify failed optional dependency /var/www/html/node_modules/@rollup/rollup-linux-s390x-gnu
53 silly reify mark deleted [ '/var/www/html/node_modules/@rollup/rollup-linux-s390x-gnu' ]
54 verbose reify failed optional dependency /var/www/html/node_modules/@rollup/rollup-linux-riscv64-gnu
55 silly reify mark deleted [ '/var/www/html/node_modules/@rollup/rollup-linux-riscv64-gnu' ]
56 verbose reify failed optional dependency /var/www/html/node_modules/@rollup/rollup-linux-powerpc64le-gnu
57 silly reify mark deleted [ '/var/www/html/node_modules/@rollup/rollup-linux-powerpc64le-gnu' ]
58 verbose reify failed optional dependency /var/www/html/node_modules/@rollup/rollup-linux-loongarch64-gnu
59 silly reify mark deleted [ '/var/www/html/node_modules/@rollup/rollup-linux-loongarch64-gnu' ]
60 verbose reify failed optional dependency /var/www/html/node_modules/@rollup/rollup-linux-arm64-musl
61 silly reify mark deleted [ '/var/www/html/node_modules/@rollup/rollup-linux-arm64-musl' ]
62 verbose reify failed optional dependency /var/www/html/node_modules/@rollup/rollup-linux-arm64-gnu
63 silly reify mark deleted [ '/var/www/html/node_modules/@rollup/rollup-linux-arm64-gnu' ]
64 verbose reify failed optional dependency /var/www/html/node_modules/@rollup/rollup-linux-arm-musleabihf
65 silly reify mark deleted [ '/var/www/html/node_modules/@rollup/rollup-linux-arm-musleabihf' ]
66 verbose reify failed optional dependency /var/www/html/node_modules/@rollup/rollup-linux-arm-gnueabihf
67 silly reify mark deleted [ '/var/www/html/node_modules/@rollup/rollup-linux-arm-gnueabihf' ]
68 verbose reify failed optional dependency /var/www/html/node_modules/@rollup/rollup-freebsd-x64
69 silly reify mark deleted [ '/var/www/html/node_modules/@rollup/rollup-freebsd-x64' ]
70 verbose reify failed optional dependency /var/www/html/node_modules/@rollup/rollup-freebsd-arm64
71 silly reify mark deleted [ '/var/www/html/node_modules/@rollup/rollup-freebsd-arm64' ]
72 verbose reify failed optional dependency /var/www/html/node_modules/@rollup/rollup-darwin-x64
73 silly reify mark deleted [ '/var/www/html/node_modules/@rollup/rollup-darwin-x64' ]
74 verbose reify failed optional dependency /var/www/html/node_modules/@rollup/rollup-darwin-arm64
75 silly reify mark deleted [ '/var/www/html/node_modules/@rollup/rollup-darwin-arm64' ]
76 verbose reify failed optional dependency /var/www/html/node_modules/@rollup/rollup-android-arm64
77 silly reify mark deleted [ '/var/www/html/node_modules/@rollup/rollup-android-arm64' ]
78 verbose reify failed optional dependency /var/www/html/node_modules/@rollup/rollup-android-arm-eabi
79 silly reify mark deleted [ '/var/www/html/node_modules/@rollup/rollup-android-arm-eabi' ]
80 verbose reify failed optional dependency /var/www/html/node_modules/@esbuild/win32-ia32
81 silly reify mark deleted [ '/var/www/html/node_modules/@esbuild/win32-ia32' ]
82 verbose reify failed optional dependency /var/www/html/node_modules/@esbuild/win32-arm64
83 silly reify mark deleted [ '/var/www/html/node_modules/@esbuild/win32-arm64' ]
84 verbose reify failed optional dependency /var/www/html/node_modules/@esbuild/sunos-x64
85 silly reify mark deleted [ '/var/www/html/node_modules/@esbuild/sunos-x64' ]
86 verbose reify failed optional dependency /var/www/html/node_modules/@esbuild/openbsd-x64
87 silly reify mark deleted [ '/var/www/html/node_modules/@esbuild/openbsd-x64' ]
88 verbose reify failed optional dependency /var/www/html/node_modules/@esbuild/openbsd-arm64
89 silly reify mark deleted [ '/var/www/html/node_modules/@esbuild/openbsd-arm64' ]
90 verbose reify failed optional dependency /var/www/html/node_modules/@esbuild/netbsd-x64
91 silly reify mark deleted [ '/var/www/html/node_modules/@esbuild/netbsd-x64' ]
92 verbose reify failed optional dependency /var/www/html/node_modules/@esbuild/netbsd-arm64
93 silly reify mark deleted [ '/var/www/html/node_modules/@esbuild/netbsd-arm64' ]
94 verbose reify failed optional dependency /var/www/html/node_modules/@esbuild/linux-s390x
95 silly reify mark deleted [ '/var/www/html/node_modules/@esbuild/linux-s390x' ]
96 verbose reify failed optional dependency /var/www/html/node_modules/@esbuild/linux-riscv64
97 silly reify mark deleted [ '/var/www/html/node_modules/@esbuild/linux-riscv64' ]
98 verbose reify failed optional dependency /var/www/html/node_modules/@esbuild/linux-ppc64
99 silly reify mark deleted [ '/var/www/html/node_modules/@esbuild/linux-ppc64' ]
100 verbose reify failed optional dependency /var/www/html/node_modules/@esbuild/linux-mips64el
101 silly reify mark deleted [ '/var/www/html/node_modules/@esbuild/linux-mips64el' ]
102 verbose reify failed optional dependency /var/www/html/node_modules/@esbuild/linux-loong64
103 silly reify mark deleted [ '/var/www/html/node_modules/@esbuild/linux-loong64' ]
104 verbose reify failed optional dependency /var/www/html/node_modules/@esbuild/linux-ia32
105 silly reify mark deleted [ '/var/www/html/node_modules/@esbuild/linux-ia32' ]
106 verbose reify failed optional dependency /var/www/html/node_modules/@esbuild/linux-arm64
107 silly reify mark deleted [ '/var/www/html/node_modules/@esbuild/linux-arm64' ]
108 verbose reify failed optional dependency /var/www/html/node_modules/@esbuild/linux-arm
109 silly reify mark deleted [ '/var/www/html/node_modules/@esbuild/linux-arm' ]
110 verbose reify failed optional dependency /var/www/html/node_modules/@esbuild/freebsd-x64
111 silly reify mark deleted [ '/var/www/html/node_modules/@esbuild/freebsd-x64' ]
112 verbose reify failed optional dependency /var/www/html/node_modules/@esbuild/freebsd-arm64
113 silly reify mark deleted [ '/var/www/html/node_modules/@esbuild/freebsd-arm64' ]
114 verbose reify failed optional dependency /var/www/html/node_modules/@esbuild/darwin-x64
115 silly reify mark deleted [ '/var/www/html/node_modules/@esbuild/darwin-x64' ]
116 verbose reify failed optional dependency /var/www/html/node_modules/@esbuild/darwin-arm64
117 silly reify mark deleted [ '/var/www/html/node_modules/@esbuild/darwin-arm64' ]
118 verbose reify failed optional dependency /var/www/html/node_modules/@esbuild/android-x64
119 silly reify mark deleted [ '/var/www/html/node_modules/@esbuild/android-x64' ]
120 verbose reify failed optional dependency /var/www/html/node_modules/@esbuild/android-arm64
121 silly reify mark deleted [ '/var/www/html/node_modules/@esbuild/android-arm64' ]
122 verbose reify failed optional dependency /var/www/html/node_modules/@esbuild/android-arm
123 silly reify mark deleted [ '/var/www/html/node_modules/@esbuild/android-arm' ]
124 verbose reify failed optional dependency /var/www/html/node_modules/@esbuild/aix-ppc64
125 silly reify mark deleted [ '/var/www/html/node_modules/@esbuild/aix-ppc64' ]
126 http fetch POST 200 https://registry.npmjs.org/-/npm/v1/security/advisories/bulk 312ms
127 silly audit report {}
128 silly ADD
129 silly ADD
130 silly ADD
131 silly ADD
132 silly ADD
133 silly ADD
134 silly ADD
135 silly ADD
136 silly ADD
137 silly ADD
138 silly ADD
139 silly ADD
140 silly ADD
141 silly ADD
142 silly ADD
143 silly ADD
144 silly ADD
145 silly ADD
146 silly ADD
147 silly ADD
148 silly ADD
149 silly ADD
150 silly ADD
151 silly ADD
152 silly ADD
153 silly ADD
154 silly ADD
155 silly ADD
156 silly ADD
157 silly ADD
158 silly ADD
159 silly ADD
160 silly ADD
161 silly ADD
162 silly ADD
163 silly ADD
164 silly ADD
165 silly ADD
166 silly ADD
167 silly ADD
168 silly ADD
169 silly ADD
170 silly ADD
171 silly ADD
172 silly ADD
173 silly ADD
174 silly ADD
175 silly ADD
176 silly ADD
177 silly ADD
178 silly ADD
179 silly ADD
180 silly ADD
181 silly ADD
182 silly ADD
183 verbose cwd /var/www/html
184 verbose os Linux 5.15.167.4-microsoft-standard-WSL2
185 verbose node v18.20.6
186 verbose npm  v10.9.2
187 verbose exit 0
188 info ok
